\BOOKMARK [1][-]{section.1}{\376\377\0001\000\040\000I\000n\000t\000r\000o\000d\000u\000c\000t\000i\000o\000n}{}% 1
\BOOKMARK [1][-]{section.2}{\376\377\0002\000\040\000P\000a\000c\000k\000e\000t\000\040\000L\000a\000y\000o\000u\000t}{}% 2
\BOOKMARK [2][-]{subsection.2.1}{\376\377\0002\000.\0001\000\040\000P\000a\000c\000k\000e\000t\000\040\000H\000e\000a\000d\000e\000r}{section.2}% 3
\BOOKMARK [2][-]{subsection.2.2}{\376\377\0002\000.\0002\000\040\000B\000l\000o\000c\000k\000\040\000H\000e\000a\000d\000e\000r}{section.2}% 4
\BOOKMARK [1][-]{section.3}{\376\377\0003\000\040\000B\000l\000o\000c\000k\000\040\000F\000o\000r\000m\000a\000t\000s}{}% 5
\BOOKMARK [2][-]{subsection.3.1}{\376\377\0003\000.\0001\000\040\000C\000o\000n\000t\000r\000o\000l\000\040\000B\000l\000o\000c\000k\000s}{section.3}% 6
\BOOKMARK [3][-]{subsubsection.3.1.1}{\376\377\0003\000.\0001\000.\0001\000\040\000S\000i\000g\000n\000a\000l\000\040\000R\000e\000p\000o\000r\000t}{subsection.3.1}% 7
\BOOKMARK [3][-]{subsubsection.3.1.2}{\376\377\0003\000.\0001\000.\0002\000\040\000B\000e\000a\000c\000o\000n}{subsection.3.1}% 8
\BOOKMARK [2][-]{subsection.3.2}{\376\377\0003\000.\0002\000\040\000C\000o\000m\000m\000a\000n\000d\000\040\000B\000l\000o\000c\000k\000s}{section.3}% 9
\BOOKMARK [3][-]{subsubsection.3.2.1}{\376\377\0003\000.\0002\000.\0001\000\040\000R\000e\000s\000e\000t\000\040\000R\000o\000c\000k\000e\000t\000\040\000A\000v\000i\000o\000n\000i\000c\000s}{subsection.3.2}% 10
\BOOKMARK [3][-]{subsubsection.3.2.2}{\376\377\0003\000.\0002\000.\0002\000\040\000R\000e\000q\000u\000e\000s\000t\000\040\000T\000e\000l\000e\000m\000e\000t\000r\000y\000\040\000D\000a\000t\000a}{subsection.3.2}% 11
\BOOKMARK [3][-]{subsubsection.3.2.3}{\376\377\0003\000.\0002\000.\0003\000\040\000D\000e\000p\000l\000o\000y\000\040\000p\000a\000r\000a\000c\000h\000u\000t\000e}{subsection.3.2}% 12
\BOOKMARK [3][-]{subsubsection.3.2.4}{\376\377\0003\000.\0002\000.\0004\000\040\000T\000a\000r\000e\000\040\000s\000e\000n\000s\000o\000r\000s}{subsection.3.2}% 13
\BOOKMARK [2][-]{subsection.3.3}{\376\377\0003\000.\0003\000\040\000D\000a\000t\000a\000\040\000B\000l\000o\000c\000k\000s}{section.3}% 14
\BOOKMARK [3][-]{subsubsection.3.3.1}{\376\377\0003\000.\0003\000.\0001\000\040\000D\000e\000b\000u\000g\000\040\000M\000e\000s\000s\000a\000g\000e}{subsection.3.3}% 15
\BOOKMARK [3][-]{subsubsection.3.3.2}{\376\377\0003\000.\0003\000.\0002\000\040\000S\000t\000a\000t\000u\000s}{subsection.3.3}% 16
\BOOKMARK [3][-]{subsubsection.3.3.3}{\376\377\0003\000.\0003\000.\0003\000\040\000A\000l\000t\000i\000t\000u\000d\000e}{subsection.3.3}% 17
\BOOKMARK [3][-]{subsubsection.3.3.4}{\376\377\0003\000.\0003\000.\0004\000\040\000A\000c\000c\000e\000l\000e\000r\000a\000t\000i\000o\000n}{subsection.3.3}% 18
\BOOKMARK [3][-]{subsubsection.3.3.5}{\376\377\0003\000.\0003\000.\0005\000\040\000A\000n\000g\000u\000l\000a\000r\000\040\000V\000e\000l\000o\000c\000i\000t\000y}{subsection.3.3}% 19
\BOOKMARK [3][-]{subsubsection.3.3.6}{\376\377\0003\000.\0003\000.\0006\000\040\000G\000N\000S\000S\000\040\000L\000o\000c\000a\000t\000i\000o\000n}{subsection.3.3}% 20
\BOOKMARK [3][-]{subsubsection.3.3.7}{\376\377\0003\000.\0003\000.\0007\000\040\000G\000N\000S\000S\000\040\000M\000e\000t\000a\000d\000a\000t\000a}{subsection.3.3}% 21
\BOOKMARK [3][-]{subsubsection.3.3.8}{\376\377\0003\000.\0003\000.\0008\000\040\000M\000P\000U\0009\0002\0005\0000\000\040\000I\000M\000U\000\040\000D\000a\000t\000a}{subsection.3.3}% 22
\BOOKMARK [3][-]{subsubsection.3.3.9}{\376\377\0003\000.\0003\000.\0009\000\040\000K\000X\0001\0003\0004\000-\0001\0002\0001\0001\000\040\000A\000c\000c\000e\000l\000e\000r\000o\000m\000e\000t\000e\000r\000\040\000D\000a\000t\000a}{subsection.3.3}% 23
\BOOKMARK [1][-]{section.4}{\376\377\0004\000\040\000O\000t\000h\000e\000r\000\040\000C\000o\000n\000s\000i\000d\000e\000r\000a\000t\000i\000o\000n\000s}{}% 24
\BOOKMARK [2][-]{subsection.4.1}{\376\377\0004\000.\0001\000\040\000D\000e\000d\000u\000p\000l\000i\000c\000a\000t\000i\000o\000n}{section.4}% 25
\BOOKMARK [2][-]{subsection.4.2}{\376\377\0004\000.\0002\000\040\000E\000n\000d\000i\000a\000n\000n\000e\000s\000s}{section.4}% 26
\BOOKMARK [2][-]{subsection.4.3}{\376\377\0004\000.\0003\000\040\000A\000l\000i\000g\000n\000m\000e\000n\000t}{section.4}% 27
\BOOKMARK [2][-]{subsection.4.4}{\376\377\0004\000.\0004\000\040\000T\000i\000m\000i\000n\000g}{section.4}% 28
\BOOKMARK [3][-]{subsubsection.4.4.1}{\376\377\0004\000.\0004\000.\0001\000\040\000B\000a\000c\000k\000\040\000O\000f\000f\000\040\000P\000e\000r\000i\000o\000d}{subsection.4.4}% 29
\BOOKMARK [3][-]{subsubsection.4.4.2}{\376\377\0004\000.\0004\000.\0002\000\040\000T\000i\000m\000e\000o\000u\000t\000s}{subsection.4.4}% 30
\BOOKMARK [2][-]{subsection.4.5}{\376\377\0004\000.\0005\000\040\000V\000a\000l\000i\000d\000a\000t\000i\000o\000n\000\040\000a\000n\000d\000\040\000S\000a\000n\000i\000t\000y\000\040\000C\000h\000e\000c\000k\000s}{section.4}% 31
\BOOKMARK [2][-]{subsection.4.6}{\376\377\0004\000.\0006\000\040\000R\000e\000s\000e\000r\000v\000e\000d\000\040\000F\000i\000e\000l\000d\000s}{section.4}% 32
\BOOKMARK [1][-]{section.5}{\376\377\0005\000\040\000C\000r\000y\000p\000t\000o\000g\000r\000a\000p\000h\000i\000c\000\040\000S\000i\000g\000n\000a\000t\000u\000r\000e\000\040\000S\000u\000p\000p\000o\000r\000t}{}% 33
